
A T O M   T Y P E S

IDX	TYPE	RING
1	C_3	NO
2	N_R	AR
3	C_R	AR
4	N_R	AR
5	C_R	AR
6	N_R	AR
7	C_3	NO
8	C_R	AR
9	O_2	NO
10	N_R	AR
11	C_3	NO
12	C_R	AR
13	O_2	NO
14	C_R	AR
15	H_	NO
16	H_	NO
17	H_	NO
18	H_	NO
19	H_	NO
20	H_	NO
21	H_	NO
22	H_	NO
23	H_	NO
24	H_	NO

S E T T I N G   U P   C A L C U L A T I O N S

SETTING UP BOND CALCULATIONS...
SETTING UP ANGLE CALCULATIONS...
SETTING UP TORSION CALCULATIONS...
SETTING UP OOP CALCULATIONS...
SETTING UP VAN DER WAALS CALCULATIONS...

S T E E P E S T   D E S C E N T

STEPS = 10000

STEP n       E(n)         E(n-1)    
------------------------------------
    0     327.301      ----
   10    282.93414    283.55348
   20    279.95320    280.11801
   30    278.91664    278.98639
   40    278.43087    278.46666
   50    278.16344    278.18444
   60    277.99782    278.01145
   70    277.88578    277.89532
   80    277.80504    277.81208
   90    277.74431    277.74969
  100    277.69734    277.70154
  110    277.66035    277.66367
  120    277.63088    277.63354
  130    277.60722    277.60937
  140    277.58814    277.58987
  150    277.57269    277.57409
  160    277.56014    277.56128
  170    277.54993    277.55086
  180    277.54162    277.54237
  190    277.53483    277.53545
  200    277.52928    277.52979
  210    277.52474    277.52516
  220    277.52102    277.52136
  230    277.51797    277.51825
  240    277.51547    277.51569
  250    277.51341    277.51359
  260    277.51171    277.51187
  270    277.51032    277.51044
  280    277.50917    277.50927
  290    277.50822    277.50830
  300    277.50743    277.50750
  310    277.50678    277.50684
  320    277.50624    277.50629
  330    277.50579    277.50583
  340    277.50542    277.50545
  350    277.50511    277.50514
  360    277.50485    277.50487
  370    277.50463    277.50465
    STEEPEST DESCENT HAS CONVERGED
1 molecule converted
